<?xml version="1.0" encoding="UTF-8"?>
<testng-results ignored="0" total="1" passed="1" failed="0" skipped="0">
  <reporter-output>
  </reporter-output>
  <suite started-at="2023-01-31T18:51:41 IST" name="Default suite" finished-at="2023-01-31T18:51:52 IST" duration-ms="11224">
    <groups>
    </groups>
    <test started-at="2023-01-31T18:51:41 IST" name="Default test" finished-at="2023-01-31T18:51:52 IST" duration-ms="11224">
      <class name="testScripts.FourthTest">
        <test-method is-config="true" signature="classSetup()[pri:0, instance:testScripts.FourthTest@46cdf8bd]" started-at="2023-01-31T18:51:41 IST" name="classSetup" finished-at="2023-01-31T18:51:45 IST" duration-ms="3893" status="PASS">
          <reporter-output>
          </reporter-output>
        </test-method> <!-- classSetup -->
        <test-method is-config="true" signature="methodSetUp()[pri:0, instance:testScripts.FourthTest@46cdf8bd]" started-at="2023-01-31T18:51:45 IST" name="methodSetUp" finished-at="2023-01-31T18:51:46 IST" duration-ms="1159" status="PASS">
          <reporter-output>
          </reporter-output>
        </test-method> <!-- methodSetUp -->
        <test-method signature="fourthTest()[pri:0, instance:testScripts.FourthTest@46cdf8bd]" started-at="2023-01-31T18:51:46 IST" name="fourthTest" finished-at="2023-01-31T18:51:52 IST" duration-ms="5769" status="PASS">
          <reporter-output>
          </reporter-output>
        </test-method> <!-- fourthTest -->
        <test-method is-config="true" signature="methodTearDown()[pri:0, instance:testScripts.FourthTest@46cdf8bd]" started-at="2023-01-31T18:51:52 IST" name="methodTearDown" finished-at="2023-01-31T18:51:52 IST" duration-ms="1" status="PASS">
          <reporter-output>
          </reporter-output>
        </test-method> <!-- methodTearDown -->
        <test-method is-config="true" signature="classTearDown()[pri:0, instance:testScripts.FourthTest@46cdf8bd]" started-at="2023-01-31T18:51:52 IST" name="classTearDown" finished-at="2023-01-31T18:51:52 IST" duration-ms="332" status="PASS">
          <reporter-output>
          </reporter-output>
        </test-method> <!-- classTearDown -->
      </class> <!-- testScripts.FourthTest -->
    </test> <!-- Default test -->
  </suite> <!-- Default suite -->
</testng-results>
